TN:
SF:src/autoloader.ts
FN:31,discoverTools
FNF:1
FNH:1
FNDA:6,discoverTools
DA:1,1
DA:7,1
DA:8,1
DA:31,6
DA:32,6
DA:33,6
DA:36,6
DA:37,6
DA:38,6
DA:40,6
DA:42,6
DA:43,78
DA:44,78
DA:47,78
DA:48,78
DA:49,78
DA:50,78
DA:52,6
DA:53,6
LF:19
LH:19
BRDA:31,0,0,6
BRDA:42,1,0,78
BRDA:37,2,0,78
BRDA:37,3,0,0
BRF:4
BRH:3
end_of_record
TN:
SF:src/index.ts
FN:15,main
FNF:1
FNH:1
FNDA:3,main
DA:1,1
DA:15,3
DA:16,3
DA:17,3
DA:18,3
DA:21,3
DA:22,1
DA:23,1
DA:24,3
DA:26,3
DA:27,3
DA:30,1
DA:31,0
DA:32,0
DA:33,0
DA:34,0
DA:35,0
LF:17
LH:12
BRDA:30,0,0,0
BRDA:15,1,0,3
BRDA:21,2,0,1
BRF:3
BRH:2
end_of_record
TN:
SF:src/schemas.ts
FN:72,parseJsonOrDefault
FNF:1
FNH:1
FNDA:45,parseJsonOrDefault
DA:1,1
DA:10,1
DA:15,1
DA:16,1
DA:17,1
DA:18,1
DA:19,1
DA:20,1
DA:21,1
DA:22,1
DA:23,1
DA:24,1
DA:25,1
DA:30,1
DA:31,1
DA:32,1
DA:33,1
DA:34,1
DA:35,1
DA:36,1
DA:37,1
DA:38,1
DA:39,1
DA:40,1
DA:41,1
DA:42,1
DA:43,1
DA:48,1
DA:49,1
DA:50,1
DA:51,1
DA:52,1
DA:57,1
DA:58,1
DA:59,1
DA:64,1
DA:65,1
DA:66,1
DA:67,1
DA:72,1
DA:73,45
DA:74,17
DA:75,14
DA:76,14
DA:77,3
DA:78,3
DA:79,14
DA:80,1
DA:81,1
DA:82,1
DA:83,1
DA:84,1
DA:85,1
DA:86,17
DA:91,1
DA:92,1
DA:93,1
DA:94,1
DA:95,1
DA:96,1
DA:97,1
DA:98,1
DA:103,1
DA:104,1
DA:105,1
DA:106,1
DA:107,1
DA:108,1
DA:109,1
DA:114,1
DA:115,1
DA:116,1
DA:117,1
DA:119,1
DA:120,0
DA:121,0
DA:122,0
DA:124,0
DA:125,0
DA:126,0
DA:127,0
DA:128,0
DA:129,0
DA:130,0
DA:131,0
DA:132,0
DA:133,0
DA:134,0
DA:135,0
DA:136,0
DA:138,0
DA:139,0
DA:141,1
DA:142,1
DA:143,1
DA:144,1
DA:149,1
DA:150,1
DA:151,1
DA:152,1
DA:153,1
DA:158,1
DA:159,1
DA:160,1
DA:161,1
DA:162,1
DA:167,1
DA:168,1
DA:169,1
DA:170,1
DA:171,1
DA:172,1
DA:173,1
DA:174,1
DA:179,1
DA:180,1
DA:181,1
DA:182,1
DA:187,1
DA:188,1
DA:189,1
DA:190,1
DA:191,1
DA:196,1
DA:197,1
DA:198,1
DA:203,1
DA:204,1
DA:205,1
DA:210,1
DA:211,1
DA:212,1
DA:213,1
DA:214,1
DA:219,1
DA:220,1
DA:221,1
DA:222,1
LF:138
LH:120
BRDA:72,0,0,45
BRDA:73,1,0,17
BRDA:74,2,0,3
BRDA:74,3,0,14
BRDA:76,4,0,3
BRDA:79,5,0,1
BRDA:116,6,0,1
BRDA:119,7,0,0
BRDA:119,8,0,0
BRF:9
BRH:7
end_of_record
TN:
SF:src/server.ts
FN:17,createServer
FNF:1
FNH:1
FNDA:4,createServer
DA:1,1
DA:17,1
DA:19,4
DA:22,4
DA:23,4
DA:24,4
DA:27,4
DA:28,0
DA:29,0
DA:30,0
DA:31,0
DA:33,4
DA:36,4
DA:37,4
DA:38,4
DA:39,4
DA:40,4
DA:41,4
DA:42,4
DA:43,4
DA:44,4
DA:45,4
DA:46,4
DA:49,4
DA:50,1
DA:52,1
DA:53,1
DA:54,13
DA:55,13
DA:56,13
DA:57,1
DA:58,1
DA:59,4
DA:62,4
DA:63,3
DA:64,3
DA:67,3
DA:70,3
DA:72,3
DA:73,1
DA:74,1
DA:77,2
DA:78,2
DA:79,3
DA:82,3
DA:83,3
DA:84,3
DA:85,3
DA:86,3
DA:88,2
DA:89,2
DA:90,2
DA:91,2
DA:92,2
DA:93,2
DA:94,2
DA:95,2
DA:96,3
DA:97,1
DA:98,1
DA:99,1
DA:100,1
DA:101,1
DA:102,1
DA:103,1
DA:104,1
DA:105,1
DA:106,1
DA:107,1
DA:108,1
DA:109,4
DA:111,4
DA:112,4
LF:73
LH:69
BRDA:17,0,0,4
BRDA:27,1,0,0
BRDA:33,2,0,3
BRDA:49,3,0,1
BRDA:53,4,0,13
BRDA:62,5,0,3
BRDA:72,6,0,1
BRDA:74,7,0,2
BRDA:79,8,0,0
BRDA:79,9,0,2
BRDA:86,10,0,2
BRDA:96,11,0,1
BRDA:98,12,0,0
BRDA:70,13,0,28
BRF:14
BRH:11
end_of_record
TN:
SF:src/tools/chat.ts
FN:11,chatWithModel
FN:109,handler
FNF:2
FNH:2
FNDA:6,chatWithModel
FNDA:1,handler
DA:1,1
DA:11,6
DA:12,6
DA:13,6
DA:14,6
DA:15,6
DA:16,6
DA:17,6
DA:18,6
DA:20,6
DA:21,6
DA:22,3
DA:23,3
DA:25,6
DA:26,6
DA:27,6
DA:28,6
DA:29,6
DA:30,6
DA:31,6
DA:32,6
DA:35,6
DA:36,6
DA:37,1
DA:38,1
DA:40,6
DA:43,6
DA:44,6
DA:45,1
DA:46,1
DA:47,1
DA:48,1
DA:50,6
DA:51,1
DA:52,1
DA:53,1
DA:54,1
DA:55,1
DA:56,1
DA:58,5
DA:59,5
DA:61,1
DA:62,1
DA:63,1
DA:64,1
DA:65,1
DA:66,1
DA:67,1
DA:68,1
DA:69,1
DA:70,1
DA:71,1
DA:72,1
DA:73,1
DA:74,1
DA:75,1
DA:76,1
DA:77,1
DA:78,1
DA:79,1
DA:80,1
DA:81,1
DA:82,1
DA:83,1
DA:84,1
DA:85,1
DA:86,1
DA:87,1
DA:88,1
DA:89,1
DA:90,1
DA:91,1
DA:92,1
DA:93,1
DA:94,1
DA:95,1
DA:96,1
DA:97,1
DA:98,1
DA:99,1
DA:100,1
DA:101,1
DA:102,1
DA:103,1
DA:104,1
DA:105,1
DA:106,1
DA:107,1
DA:108,1
DA:109,1
DA:110,1
DA:111,1
DA:112,1
DA:113,1
DA:114,1
DA:115,1
DA:116,1
DA:117,1
DA:118,1
DA:119,1
DA:120,1
LF:101
LH:101
BRDA:11,0,0,6
BRDA:21,1,0,3
BRDA:36,2,0,1
BRDA:44,3,0,1
BRDA:50,4,0,1
BRDA:56,5,0,5
BRDA:109,6,0,1
BRDA:115,7,0,0
BRDA:117,8,0,0
BRF:9
BRH:7
end_of_record
TN:
SF:src/tools/copy.ts
FN:10,copyModel
FN:47,handler
FNF:2
FNH:2
FNDA:2,copyModel
FNDA:1,handler
DA:1,1
DA:10,2
DA:11,2
DA:12,2
DA:13,2
DA:14,2
DA:15,2
DA:16,2
DA:17,2
DA:18,2
DA:19,2
DA:21,2
DA:22,2
DA:24,1
DA:25,1
DA:26,1
DA:27,1
DA:28,1
DA:29,1
DA:30,1
DA:31,1
DA:32,1
DA:33,1
DA:34,1
DA:35,1
DA:36,1
DA:37,1
DA:38,1
DA:39,1
DA:40,1
DA:41,1
DA:42,1
DA:43,1
DA:44,1
DA:45,1
DA:46,1
DA:47,1
DA:48,1
DA:49,1
DA:50,1
DA:51,1
LF:41
LH:41
BRDA:10,0,0,2
BRDA:47,1,0,1
BRF:2
BRH:2
end_of_record
TN:
SF:src/tools/create.ts
FN:18,createModel
FN:70,handler
FNF:2
FNH:2
FNDA:2,createModel
FNDA:1,handler
DA:1,1
DA:18,2
DA:19,2
DA:20,2
DA:21,2
DA:22,2
DA:23,2
DA:24,2
DA:25,2
DA:26,2
DA:27,2
DA:28,2
DA:29,2
DA:30,2
DA:32,2
DA:33,2
DA:35,1
DA:36,1
DA:37,1
DA:38,1
DA:39,1
DA:40,1
DA:41,1
DA:42,1
DA:43,1
DA:44,1
DA:45,1
DA:46,1
DA:47,1
DA:48,1
DA:49,1
DA:50,1
DA:51,1
DA:52,1
DA:53,1
DA:54,1
DA:55,1
DA:56,1
DA:57,1
DA:58,1
DA:59,1
DA:60,1
DA:61,1
DA:62,1
DA:63,1
DA:64,1
DA:65,1
DA:66,1
DA:67,1
DA:68,1
DA:69,1
DA:70,1
DA:71,1
DA:72,1
DA:73,1
DA:74,1
DA:75,1
DA:76,1
DA:77,1
DA:78,1
DA:79,1
DA:80,1
DA:81,1
DA:82,1
DA:83,1
DA:84,1
LF:66
LH:66
BRDA:18,0,0,2
BRDA:70,1,0,1
BRF:2
BRH:2
end_of_record
TN:
SF:src/tools/delete.ts
FN:10,deleteModel
FN:41,handler
FNF:2
FNH:2
FNDA:2,deleteModel
FNDA:1,handler
DA:1,1
DA:10,2
DA:11,2
DA:12,2
DA:13,2
DA:14,2
DA:15,2
DA:16,2
DA:17,2
DA:19,2
DA:20,2
DA:22,1
DA:23,1
DA:24,1
DA:25,1
DA:26,1
DA:27,1
DA:28,1
DA:29,1
DA:30,1
DA:31,1
DA:32,1
DA:33,1
DA:34,1
DA:35,1
DA:36,1
DA:37,1
DA:38,1
DA:39,1
DA:40,1
DA:41,1
DA:42,1
DA:43,1
DA:44,1
DA:45,1
LF:35
LH:35
BRDA:10,0,0,2
BRDA:41,1,0,1
BRF:2
BRH:2
end_of_record
TN:
SF:src/tools/embed.ts
FN:10,embedWithModel
FN:48,handler
FNF:2
FNH:2
FNDA:2,embedWithModel
FNDA:1,handler
DA:1,1
DA:10,2
DA:11,2
DA:12,2
DA:13,2
DA:14,2
DA:15,2
DA:16,2
DA:17,2
DA:18,2
DA:19,2
DA:21,2
DA:22,2
DA:24,1
DA:25,1
DA:26,1
DA:27,1
DA:28,1
DA:29,1
DA:30,1
DA:31,1
DA:32,1
DA:33,1
DA:34,1
DA:35,1
DA:36,1
DA:37,1
DA:38,1
DA:39,1
DA:40,1
DA:41,1
DA:42,1
DA:43,1
DA:44,1
DA:45,1
DA:46,1
DA:47,1
DA:48,1
DA:49,1
DA:50,1
DA:51,1
DA:52,1
LF:42
LH:42
BRDA:10,0,0,2
BRDA:48,1,0,1
BRF:2
BRH:2
end_of_record
TN:
SF:src/tools/generate.ts
FN:11,generateWithModel
FN:56,handler
FNF:2
FNH:2
FNDA:3,generateWithModel
FNDA:1,handler
DA:1,1
DA:11,3
DA:12,3
DA:13,3
DA:14,3
DA:15,3
DA:16,3
DA:17,3
DA:18,3
DA:19,3
DA:20,3
DA:21,3
DA:22,3
DA:23,3
DA:24,3
DA:26,3
DA:27,3
DA:29,1
DA:30,1
DA:31,1
DA:32,1
DA:33,1
DA:34,1
DA:35,1
DA:36,1
DA:37,1
DA:38,1
DA:39,1
DA:40,1
DA:41,1
DA:42,1
DA:43,1
DA:44,1
DA:45,1
DA:46,1
DA:47,1
DA:48,1
DA:49,1
DA:50,1
DA:51,1
DA:52,1
DA:53,1
DA:54,1
DA:55,1
DA:56,1
DA:57,1
DA:58,1
DA:59,1
DA:60,1
DA:61,1
DA:62,1
DA:63,1
DA:64,1
DA:65,1
DA:66,1
LF:55
LH:55
BRDA:11,0,0,3
BRDA:22,1,0,2
BRDA:22,2,0,1
BRDA:56,3,0,1
BRDA:62,4,0,0
BRF:5
BRH:4
end_of_record
TN:
SF:src/tools/list.ts
FN:9,listModels
FN:36,handler
FNF:2
FNH:2
FNDA:3,listModels
FNDA:1,handler
DA:1,1
DA:9,3
DA:10,3
DA:11,3
DA:12,3
DA:13,3
DA:15,3
DA:16,3
DA:21,1
DA:22,1
DA:23,1
DA:24,1
DA:25,1
DA:26,1
DA:27,1
DA:28,1
DA:29,1
DA:30,1
DA:31,1
DA:32,1
DA:33,1
DA:34,1
DA:35,1
DA:36,1
DA:37,1
DA:38,1
DA:39,1
LF:27
LH:27
BRDA:9,0,0,3
BRDA:36,1,0,1
BRF:2
BRH:2
end_of_record
TN:
SF:src/tools/ps.ts
FN:10,listRunningModels
FN:33,handler
FNF:2
FNH:2
FNDA:3,listRunningModels
FNDA:2,handler
DA:1,1
DA:10,3
DA:11,3
DA:12,3
DA:13,3
DA:14,3
DA:16,3
DA:17,3
DA:19,1
DA:20,1
DA:21,1
DA:22,1
DA:23,1
DA:24,1
DA:25,1
DA:26,1
DA:27,1
DA:28,1
DA:29,1
DA:30,1
DA:31,1
DA:32,1
DA:33,1
DA:34,2
DA:35,2
DA:36,2
DA:37,1
LF:27
LH:27
BRDA:10,0,0,3
BRDA:33,1,0,2
BRF:2
BRH:2
end_of_record
TN:
SF:src/tools/pull.ts
FN:10,pullModel
FN:49,handler
FNF:2
FNH:2
FNDA:2,pullModel
FNDA:1,handler
DA:1,1
DA:10,2
DA:11,2
DA:12,2
DA:13,2
DA:14,2
DA:15,2
DA:16,2
DA:17,2
DA:18,2
DA:19,2
DA:20,2
DA:22,2
DA:23,2
DA:25,1
DA:26,1
DA:27,1
DA:28,1
DA:29,1
DA:30,1
DA:31,1
DA:32,1
DA:33,1
DA:34,1
DA:35,1
DA:36,1
DA:37,1
DA:38,1
DA:39,1
DA:40,1
DA:41,1
DA:42,1
DA:43,1
DA:44,1
DA:45,1
DA:46,1
DA:47,1
DA:48,1
DA:49,1
DA:50,1
DA:51,1
DA:52,1
DA:53,1
LF:43
LH:43
BRDA:10,0,0,2
BRDA:49,1,0,1
BRF:2
BRH:2
end_of_record
TN:
SF:src/tools/push.ts
FN:10,pushModel
FN:49,handler
FNF:2
FNH:2
FNDA:2,pushModel
FNDA:1,handler
DA:1,1
DA:10,2
DA:11,2
DA:12,2
DA:13,2
DA:14,2
DA:15,2
DA:16,2
DA:17,2
DA:18,2
DA:19,2
DA:20,2
DA:22,2
DA:23,2
DA:25,1
DA:26,1
DA:27,1
DA:28,1
DA:29,1
DA:30,1
DA:31,1
DA:32,1
DA:33,1
DA:34,1
DA:35,1
DA:36,1
DA:37,1
DA:38,1
DA:39,1
DA:40,1
DA:41,1
DA:42,1
DA:43,1
DA:44,1
DA:45,1
DA:46,1
DA:47,1
DA:48,1
DA:49,1
DA:50,1
DA:51,1
DA:52,1
DA:53,1
LF:43
LH:43
BRDA:10,0,0,2
BRDA:49,1,0,1
BRF:2
BRH:2
end_of_record
TN:
SF:src/tools/show.ts
FN:10,showModel
FN:40,handler
FNF:2
FNH:2
FNDA:2,showModel
FNDA:1,handler
DA:1,1
DA:10,2
DA:11,2
DA:12,2
DA:13,2
DA:14,2
DA:15,2
DA:17,2
DA:18,2
DA:20,1
DA:21,1
DA:22,1
DA:23,1
DA:24,1
DA:25,1
DA:26,1
DA:27,1
DA:28,1
DA:29,1
DA:30,1
DA:31,1
DA:32,1
DA:33,1
DA:34,1
DA:35,1
DA:36,1
DA:37,1
DA:38,1
DA:39,1
DA:40,1
DA:41,1
DA:42,1
DA:43,1
DA:44,1
LF:34
LH:34
BRDA:10,0,0,2
BRDA:40,1,0,1
BRF:2
BRH:2
end_of_record
TN:
SF:src/tools/web-fetch.ts
FN:10,webFetch
FN:63,handler
FNF:2
FNH:2
FNDA:4,webFetch
FNDA:1,handler
DA:1,1
DA:10,4
DA:11,4
DA:12,4
DA:13,4
DA:14,4
DA:16,4
DA:17,4
DA:18,1
DA:19,1
DA:20,1
DA:21,1
DA:23,3
DA:24,3
DA:25,3
DA:26,3
DA:27,3
DA:28,3
DA:29,3
DA:30,3
DA:31,3
DA:32,3
DA:34,4
DA:35,1
DA:36,1
DA:37,1
DA:38,1
DA:40,2
DA:41,2
DA:42,2
DA:44,1
DA:45,1
DA:46,1
DA:47,1
DA:48,1
DA:49,1
DA:50,1
DA:51,1
DA:52,1
DA:53,1
DA:54,1
DA:55,1
DA:56,1
DA:57,1
DA:58,1
DA:59,1
DA:60,1
DA:61,1
DA:62,1
DA:63,1
DA:64,1
DA:65,1
DA:66,1
DA:67,1
LF:54
LH:54
BRDA:10,0,0,4
BRDA:17,1,0,1
BRDA:21,2,0,3
BRDA:34,3,0,1
BRDA:38,4,0,2
BRDA:63,5,0,1
BRF:6
BRH:6
end_of_record
TN:
SF:src/tools/web-search.ts
FN:10,webSearch
FN:70,handler
FNF:2
FNH:2
FNDA:4,webSearch
FNDA:1,handler
DA:1,1
DA:10,4
DA:11,4
DA:12,4
DA:13,4
DA:14,4
DA:15,4
DA:17,4
DA:18,4
DA:19,1
DA:20,1
DA:21,1
DA:22,1
DA:24,3
DA:25,3
DA:26,3
DA:27,3
DA:28,3
DA:29,3
DA:30,3
DA:31,3
DA:32,3
DA:33,3
DA:34,3
DA:36,4
DA:37,1
DA:38,1
DA:39,1
DA:40,1
DA:42,2
DA:43,2
DA:44,2
DA:46,1
DA:47,1
DA:48,1
DA:49,1
DA:50,1
DA:51,1
DA:52,1
DA:53,1
DA:54,1
DA:55,1
DA:56,1
DA:57,1
DA:58,1
DA:59,1
DA:60,1
DA:61,1
DA:62,1
DA:63,1
DA:64,1
DA:65,1
DA:66,1
DA:67,1
DA:68,1
DA:69,1
DA:70,1
DA:71,1
DA:72,1
DA:73,1
DA:74,1
LF:61
LH:61
BRDA:10,0,0,4
BRDA:18,1,0,1
BRDA:22,2,0,3
BRDA:36,3,0,1
BRDA:40,4,0,2
BRDA:70,5,0,1
BRF:6
BRH:6
end_of_record
TN:
SF:src/utils/response-formatter.ts
FN:7,formatResponse
FN:39,jsonToMarkdown
FN:95,arrayToMarkdownTable
FNF:3
FNH:3
FNDA:40,formatResponse
FNDA:12,jsonToMarkdown
FNDA:2,arrayToMarkdownTable
DA:1,1
DA:7,1
DA:8,40
DA:9,40
DA:10,40
DA:11,40
DA:13,30
DA:15,30
DA:16,30
DA:17,30
DA:19,6
DA:20,6
DA:21,6
DA:22,6
DA:23,6
DA:24,30
DA:27,10
DA:28,10
DA:29,10
DA:30,13
DA:32,5
DA:33,5
DA:34,40
DA:39,12
DA:41,12
DA:42,0
DA:43,0
DA:46,12
DA:47,3
DA:48,3
DA:51,12
DA:52,3
DA:53,0
DA:54,0
DA:57,3
DA:58,3
DA:59,3
DA:60,2
DA:61,2
DA:62,3
DA:63,2
DA:64,2
DA:67,1
DA:68,1
DA:69,1
DA:70,1
DA:73,6
DA:74,12
DA:75,0
DA:76,0
DA:78,6
DA:79,6
DA:80,10
DA:81,10
DA:82,4
DA:83,3
DA:84,3
DA:85,1
DA:86,1
DA:87,6
DA:88,6
DA:89,6
DA:90,6
DA:95,2
DA:96,2
DA:99,2
DA:100,2
DA:101,3
DA:102,3
DA:103,3
DA:104,2
DA:105,2
DA:108,2
DA:111,2
DA:112,3
DA:113,8
DA:114,8
DA:115,8
DA:116,8
DA:117,3
DA:118,2
DA:121,2
DA:124,2
DA:125,2
DA:126,2
DA:127,2
DA:128,2
DA:129,2
DA:131,0
DA:132,0
LF:90
LH:82
BRDA:7,0,0,40
BRDA:11,1,0,34
BRDA:11,2,0,30
BRDA:17,3,0,6
BRDA:24,4,0,13
BRDA:24,5,0,10
BRDA:30,6,0,5
BRDA:39,7,0,12
BRDA:41,8,0,0
BRDA:46,9,0,3
BRDA:48,10,0,9
BRDA:51,11,0,3
BRDA:52,12,0,0
BRDA:59,13,0,2
BRDA:60,14,0,2
BRDA:62,15,0,2
BRDA:64,16,0,1
BRDA:70,17,0,6
BRDA:74,18,0,0
BRDA:76,19,0,6
BRDA:68,20,0,3
BRDA:79,21,0,10
BRDA:81,22,0,4
BRDA:81,23,0,4
BRDA:82,24,0,3
BRDA:84,25,0,1
BRDA:86,26,0,6
BRDA:95,27,0,2
BRDA:96,28,0,0
BRDA:129,29,0,0
BRDA:100,30,0,3
BRDA:102,31,0,8
BRDA:108,32,0,6
BRDA:111,33,0,3
BRDA:112,34,0,8
BRDA:114,35,0,0
BRDA:115,36,0,0
BRDA:127,37,0,7
BRF:38
BRH:31
end_of_record
